Unity Editor version:    6000.3.6f1 (bbb010bdb8a3)
Branch:                  6000.3/respin/6000.3.6f1-732c1ec89f18
Build type:              Release
Batch mode:              YES
macOS version:           Version 26.2 (Build 25C56)
Darwin version:          25.2.0
Architecture:            arm64
Running under Rosetta:   NO
Available memory:        36864 MB
Date:                    2026-02-10T23:17:57Z
[Licensing::Module] Trying to connect to existing licensing client channel...
[Licensing::IpcConnector] Successfully connected to: "LicenseClient-0gqxjnE3-mIvWeK0Rjodm" at "2026-02-10T23:17:57.609906Z"

COMMAND LINE ARGUMENTS:
/Applications/Unity/Hub/Editor/6000.3.6f1/Unity.app/Contents/MacOS/Unity
-adb2
-batchMode
-noUpm
-name
AssetImportWorker2
-projectPath
/Users/brito/Desktop/PUC/Unity/Gigantes
-logFile
Logs/AssetImportWorker2.log
-srvPort
63180
-licensingIpc
LicenseClient-0gqxjnE3-mIvWeK0Rjodm
-job-worker-count
6
-background-job-worker-count
8
-gc-helper-count
1
-name AssetImport
Successfully changed project path to: /Users/brito/Desktop/PUC/Unity/Gigantes
/Users/brito/Desktop/PUC/Unity/Gigantes
[UnityMemory] Configuration Parameters - Can be set up in boot.config
    "memorysetup-allocator-temp-initial-block-size-main=262144"
    "memorysetup-allocator-temp-initial-block-size-worker=262144"
    "memorysetup-temp-allocator-size-background-worker=32768"
    "memorysetup-temp-allocator-size-job-worker=262144"
    "memorysetup-temp-allocator-size-preload-manager=33554432"
    "memorysetup-temp-allocator-size-nav-mesh-worker=65536"
    "memorysetup-temp-allocator-size-audio-worker=65536"
    "memorysetup-temp-allocator-size-cloud-worker=32768"
    "memorysetup-bucket-allocator-granularity=16"
    "memorysetup-bucket-allocator-bucket-count=8"
    "memorysetup-bucket-allocator-block-size=33554432"
    "memorysetup-bucket-allocator-block-count=8"
    "memorysetup-main-allocator-block-size=16777216"
    "memorysetup-thread-allocator-block-size=16777216"
    "memorysetup-gfx-main-allocator-block-size=16777216"
    "memorysetup-gfx-thread-allocator-block-size=16777216"
    "memorysetup-cache-allocator-block-size=4194304"
    "memorysetup-typetree-allocator-block-size=2097152"
    "memorysetup-profiler-bucket-allocator-granularity=16"
    "memorysetup-profiler-bucket-allocator-bucket-count=8"
    "memorysetup-profiler-bucket-allocator-block-size=33554432"
    "memorysetup-profiler-bucket-allocator-block-count=8"
    "memorysetup-profiler-allocator-block-size=16777216"
    "memorysetup-profiler-editor-allocator-block-size=1048576"
    "memorysetup-temp-allocator-size-main=16777216"
    "memorysetup-job-temp-allocator-block-size=2097152"
    "memorysetup-job-temp-allocator-block-size-background=1048576"
    "memorysetup-job-temp-allocator-reduction-small-platforms=262144"
    "memorysetup-temp-allocator-size-gi-baking-worker=262144"
    "memorysetup-temp-allocator-size-gi-baking-worker=262144"
    "memorysetup-temp-allocator-size-gi-baking-worker=262144"
    "memorysetup-temp-allocator-size-gi-baking-worker=262144"
    "memorysetup-temp-allocator-size-gi-baking-worker=262144"
    "memorysetup-temp-allocator-size-gfx=262144"
Player connection [8340204608]  Target information:

Player connection [8340204608]  * "[IP] 192.168.15.3 [Port] 0 [Flags] 2 [Guid] 3991175234 [EditorId] 3991175234 [Version] 1048832 [Id] OSXEditor(0,MacBook-Pro-de-Felipe-3.local) [Debug] 1 [PackageName] OSXEditor [ProjectName] Editor" 

Player connection [8340204608]  * "[IP] 192.168.1.102 [Port] 0 [Flags] 2 [Guid] 3991175234 [EditorId] 3991175234 [Version] 1048832 [Id] OSXEditor(0,MacBook-Pro-de-Felipe-3.local) [Debug] 1 [PackageName] OSXEditor [ProjectName] Editor" 

Player connection [8340204608] Host joined multi-casting on [225.0.0.222:54997]...
Player connection [8340204608] Host joined alternative multi-casting on [225.0.0.222:34997]...
JobSystem: Creating JobQueue using job-worker-count value 6
Input System module state changed to: Initialized.
[Physics::Module] Initialized fallback backend.
[Physics::Module] Id: 0xdecafbad
Library Redirect Path: Library/
[Physics::Module] Selected backend.
[Physics::Module] Name: PhysX
[Physics::Module] Id: 0xf2b8ea05
[Physics::Module] SDK Version: 4.1.2
[Physics::Module] Integration Version: 1.0.0
[Physics::Module] Threading Mode: Multi-Threaded
Refreshing native plugins compatible for Editor in 1.83 ms, found 1 plugins.
Preloading 0 native plugins for Editor in 0.00 ms.
Initialize engine version: 6000.3.6f1 (bbb010bdb8a3)
[Subsystems] Discovering subsystems at path /Applications/Unity/Hub/Editor/6000.3.6f1/Unity.app/Contents/Resources/UnitySubsystems
[Subsystems] Discovering subsystems at path /Users/brito/Desktop/PUC/Unity/Gigantes/Assets
GfxDevice: creating device client; kGfxThreadingModeNonThreaded
 preferred device: Apple M4 Max (high power)
Metal devices available: 1
0: Apple M4 Max (high power)
Using device Apple M4 Max (high power)
Initializing Metal device caps: Apple M4 Max
Mac GPU Family: 2
Apple GPU Family: 9
MSL Version: 3.0
Has Float MSAA: 1
Has Float Filtering: 1
ReadWrite Texture Tier: 2
Initialize mono
Mono path[0] = '/Applications/Unity/Hub/Editor/6000.3.6f1/Unity.app/Contents/Resources/Scripting/Managed'
Mono path[1] = '/Applications/Unity/Hub/Editor/6000.3.6f1/Unity.app/Contents/Resources/Scripting/MonoBleedingEdge/lib/mono/unityjit-macos'
Mono config path = '/Applications/Unity/Hub/Editor/6000.3.6f1/Unity.app/Contents/Resources/Scripting/MonoBleedingEdge/etc'
Using monoOptions --debugger-agent=transport=dt_socket,embedding=1,server=y,suspend=n,address=127.0.0.1:56650
Begin MonoManager ReloadAssembly
Registering precompiled unity dll's ...
Register platform support module: /Applications/Unity/Hub/Editor/6000.3.6f1/Unity.app/Contents/PlaybackEngines/MacStandaloneSupport/UnityEditor.OSXStandalone.Extensions.dll
Registered in 0.000201 seconds.
- Loaded All Assemblies, in  0.214 seconds
[Licensing::Client] Handshaking with LicensingClient:
  Version:                 1.17.4+4293ba1
  Session Id:              4efcf874f81544e4a9fa182fc7917150
  Correlation Id:          414c628a1980faad6a07369bb262b488
  External correlation Id: 733882740872827481
  Machine Id:              JWfvvLV5+6tmIerLmRbeinQt1m8=
[Licensing::Module] Successfully connected to LicensingClient on channel: "LicenseClient-0gqxjnE3-mIvWeK0Rjodm" (connect: 0.00s, validation: 0.00s, handshake: 0.72s)
[Licensing::IpcConnector] Successfully connected to: "LicenseClient-0gqxjnE3-mIvWeK0Rjodm-notifications" at "2026-02-10T23:17:58.329253Z"
[Licensing::Module] Licensing Background thread has ended after 0.72s
Native extension for OSXStandalone target not found
ScheduleIndexationOnStartup MainProcess:False IndexOnStartup:True
Mono: successfully reloaded assembly
- Finished resetting the current domain, in  0.268 seconds
Domain Reload Profiling: 483ms
	BeginReloadAssembly (65ms)
		ExecutionOrderSort (0ms)
		DisableScriptedObjects (0ms)
		BackupInstance (0ms)
		ReleaseScriptingObjects (0ms)
		CreateAndSetChildDomain (0ms)
	RebuildCommonClasses (19ms)
	RebuildNativeTypeToScriptingClass (7ms)
	initialDomainReloadingComplete (22ms)
	LoadAllAssembliesAndSetupDomain (101ms)
		LoadAssemblies (65ms)
		RebuildTransferFunctionScriptingTraits (0ms)
		AnalyzeDomain (99ms)
			TypeCache.Refresh (98ms)
				TypeCache.ScanAssembly (88ms)
			BuildScriptInfoCaches (0ms)
			ResolveRequiredComponents (0ms)
	FinalizeReload (269ms)
		ReleaseScriptCaches (0ms)
		RebuildScriptCaches (0ms)
		SetupLoadedEditorAssemblies (240ms)
			LogAssemblyErrors (0ms)
			InitializePlatformSupportModulesInManaged (24ms)
			SetLoadedEditorAssemblies (3ms)
			BeforeProcessingInitializeOnLoad (59ms)
			ProcessInitializeOnLoadAttributes (101ms)
			ProcessInitializeOnLoadMethodAttributes (54ms)
			AfterProcessingInitializeOnLoad (0ms)
			EditorAssembliesLoaded (0ms)
		ExecutionOrderSort2 (0ms)
		AwakeInstancesAfterBackupRestoration (0ms)
[CoreBusinessMetrics] Unexpected thread when updating session info.
========================================================================
Worker process is ready to serve import requests
Import Worker Mode flag is 0x00
Begin MonoManager ReloadAssembly
[Licensing::Client] Successfully resolved entitlement details
[Licensing::Module] License group:
  Id: 212425-UnityPersXXXX
  Product: Unity Personal
  Type: Assigned
  Expiration: Unlimited
- Loaded All Assemblies, in  0.375 seconds
Refreshing native plugins compatible for Editor in 0.16 ms, found 1 plugins.
Native extension for OSXStandalone target not found
Package Manager log level set to [2]
[Package Manager] Failed to launch server process. Reason: Unity was launched with the -noUpm command-line argument
[Package Manager] Unable to send message (not connected to server process).
[Package Manager] Cannot connect to Unity Package Manager local server
ScheduleIndexationOnStartup MainProcess:False IndexOnStartup:True
Mono: successfully reloaded assembly
- Finished resetting the current domain, in  0.445 seconds
Domain Reload Profiling: 820ms
	BeginReloadAssembly (77ms)
		ExecutionOrderSort (0ms)
		DisableScriptedObjects (3ms)
		BackupInstance (0ms)
		ReleaseScriptingObjects (0ms)
		CreateAndSetChildDomain (15ms)
	RebuildCommonClasses (20ms)
	RebuildNativeTypeToScriptingClass (7ms)
	initialDomainReloadingComplete (16ms)
	LoadAllAssembliesAndSetupDomain (255ms)
		LoadAssemblies (171ms)
		RebuildTransferFunctionScriptingTraits (0ms)
		AnalyzeDomain (122ms)
			TypeCache.Refresh (92ms)
				TypeCache.ScanAssembly (81ms)
			BuildScriptInfoCaches (24ms)
			ResolveRequiredComponents (5ms)
	FinalizeReload (445ms)
		ReleaseScriptCaches (0ms)
		RebuildScriptCaches (0ms)
		SetupLoadedEditorAssemblies (340ms)
			LogAssemblyErrors (0ms)
			InitializePlatformSupportModulesInManaged (1ms)
			SetLoadedEditorAssemblies (3ms)
			BeforeProcessingInitializeOnLoad (91ms)
			ProcessInitializeOnLoadAttributes (215ms)
			ProcessInitializeOnLoadMethodAttributes (30ms)
			AfterProcessingInitializeOnLoad (1ms)
			EditorAssembliesLoaded (0ms)
		ExecutionOrderSort2 (0ms)
		AwakeInstancesAfterBackupRestoration (1ms)
WARNING: Shader Unsupported: 'Universal Render Pipeline/VR/SpatialMapping/Wireframe' - All subshaders removed
WARNING: Shader Did you use #pragma only_renderers and omit this platform?
WARNING: Shader If subshaders removal was intentional, you may have forgotten turning Fallback off?
WARNING: Shader Unsupported: 'Universal Render Pipeline/VR/SpatialMapping/Wireframe' - All subshaders removed
WARNING: Shader Did you use #pragma only_renderers and omit this platform?
WARNING: Shader If subshaders removal was intentional, you may have forgotten turning Fallback off?
Launching external process: /Applications/Unity/Hub/Editor/6000.3.6f1/Unity.app/Contents/Helpers/UnityShaderCompiler
Launched and connected shader compiler UnityShaderCompiler after 0.02 seconds
Refreshing native plugins compatible for Editor in 0.20 ms, found 1 plugins.
Preloading 0 native plugins for Editor in 0.00 ms.
Unloading 17 Unused Serialized files (Serialized files now loaded: 0)
Unloading 6326 unused Assets / (3.9 MB). Loaded Objects now: 7139.
Memory consumption went from 146.6 MB to 142.7 MB.
Total: 5.299417 ms (FindLiveObjects: 0.478833 ms CreateObjectMapping: 0.133375 ms MarkObjects: 3.652584 ms  DeleteObjects: 1.034500 ms)

========================================================================
Received Prepare
Begin MonoManager ReloadAssembly
Thread 0x17525b000 may have been prematurely finalized
- Loaded All Assemblies, in  0.314 seconds
Refreshing native plugins compatible for Editor in 0.18 ms, found 1 plugins.
Native extension for OSXStandalone target not found
[Package Manager] Failed to launch server process. Reason: Unity was launched with the -noUpm command-line argument
[Package Manager] Unable to send message (not connected to server process).
[Package Manager] Cannot connect to Unity Package Manager local server
ScheduleIndexationOnStartup MainProcess:False IndexOnStartup:True
Mono: successfully reloaded assembly
- Finished resetting the current domain, in  0.419 seconds
Domain Reload Profiling: 734ms
	BeginReloadAssembly (80ms)
		ExecutionOrderSort (0ms)
		DisableScriptedObjects (3ms)
		BackupInstance (0ms)
		ReleaseScriptingObjects (0ms)
		CreateAndSetChildDomain (19ms)
	RebuildCommonClasses (19ms)
	RebuildNativeTypeToScriptingClass (7ms)
	initialDomainReloadingComplete (11ms)
	LoadAllAssembliesAndSetupDomain (198ms)
		LoadAssemblies (138ms)
		RebuildTransferFunctionScriptingTraits (0ms)
		AnalyzeDomain (86ms)
			TypeCache.Refresh (4ms)
				TypeCache.ScanAssembly (0ms)
			BuildScriptInfoCaches (75ms)
			ResolveRequiredComponents (5ms)
	FinalizeReload (420ms)
		ReleaseScriptCaches (0ms)
		RebuildScriptCaches (0ms)
		SetupLoadedEditorAssemblies (331ms)
			LogAssemblyErrors (0ms)
			InitializePlatformSupportModulesInManaged (1ms)
			SetLoadedEditorAssemblies (2ms)
			BeforeProcessingInitializeOnLoad (90ms)
			ProcessInitializeOnLoadAttributes (194ms)
			ProcessInitializeOnLoadMethodAttributes (42ms)
			AfterProcessingInitializeOnLoad (1ms)
			EditorAssembliesLoaded (1ms)
		ExecutionOrderSort2 (0ms)
		AwakeInstancesAfterBackupRestoration (7ms)
WARNING: Shader Unsupported: 'Universal Render Pipeline/VR/SpatialMapping/Wireframe' - All subshaders removed
WARNING: Shader Did you use #pragma only_renderers and omit this platform?
WARNING: Shader If subshaders removal was intentional, you may have forgotten turning Fallback off?
WARNING: Shader Unsupported: 'Universal Render Pipeline/VR/SpatialMapping/Wireframe' - All subshaders removed
WARNING: Shader Did you use #pragma only_renderers and omit this platform?
WARNING: Shader If subshaders removal was intentional, you may have forgotten turning Fallback off?
Refreshing native plugins compatible for Editor in 0.26 ms, found 1 plugins.
Preloading 0 native plugins for Editor in 0.00 ms.
Unloading 17 Unused Serialized files (Serialized files now loaded: 0)
Unloading 6322 unused Assets / (3.8 MB). Loaded Objects now: 7155.
Memory consumption went from 158.3 MB to 154.5 MB.
Total: 4.962833 ms (FindLiveObjects: 0.268000 ms CreateObjectMapping: 0.124292 ms MarkObjects: 3.630833 ms  DeleteObjects: 0.939375 ms)

Prepare: number of updated asset objects reloaded= 0
========================================================================
Received Prepare
Begin MonoManager ReloadAssembly
[Licensing::Client] Successfully resolved entitlement details
Thread 0x171f9f000 may have been prematurely finalized
- Loaded All Assemblies, in  0.369 seconds
Refreshing native plugins compatible for Editor in 0.32 ms, found 1 plugins.
Native extension for OSXStandalone target not found
[Package Manager] Failed to launch server process. Reason: Unity was launched with the -noUpm command-line argument
[Package Manager] Unable to send message (not connected to server process).
[Package Manager] Cannot connect to Unity Package Manager local server
ScheduleIndexationOnStartup MainProcess:False IndexOnStartup:True
Mono: successfully reloaded assembly
- Finished resetting the current domain, in  0.379 seconds
Domain Reload Profiling: 750ms
	BeginReloadAssembly (124ms)
		ExecutionOrderSort (0ms)
		DisableScriptedObjects (4ms)
		BackupInstance (0ms)
		ReleaseScriptingObjects (0ms)
		CreateAndSetChildDomain (34ms)
	RebuildCommonClasses (19ms)
	RebuildNativeTypeToScriptingClass (7ms)
	initialDomainReloadingComplete (10ms)
	LoadAllAssembliesAndSetupDomain (211ms)
		LoadAssemblies (159ms)
		RebuildTransferFunctionScriptingTraits (0ms)
		AnalyzeDomain (94ms)
			TypeCache.Refresh (6ms)
				TypeCache.ScanAssembly (0ms)
			BuildScriptInfoCaches (80ms)
			ResolveRequiredComponents (5ms)
	FinalizeReload (379ms)
		ReleaseScriptCaches (0ms)
		RebuildScriptCaches (0ms)
		SetupLoadedEditorAssemblies (303ms)
			LogAssemblyErrors (0ms)
			InitializePlatformSupportModulesInManaged (1ms)
			SetLoadedEditorAssemblies (3ms)
			BeforeProcessingInitializeOnLoad (79ms)
			ProcessInitializeOnLoadAttributes (188ms)
			ProcessInitializeOnLoadMethodAttributes (31ms)
			AfterProcessingInitializeOnLoad (0ms)
			EditorAssembliesLoaded (0ms)
		ExecutionOrderSort2 (0ms)
		AwakeInstancesAfterBackupRestoration (5ms)
WARNING: Shader Unsupported: 'Universal Render Pipeline/VR/SpatialMapping/Wireframe' - All subshaders removed
WARNING: Shader Did you use #pragma only_renderers and omit this platform?
WARNING: Shader If subshaders removal was intentional, you may have forgotten turning Fallback off?
WARNING: Shader Unsupported: 'Universal Render Pipeline/VR/SpatialMapping/Wireframe' - All subshaders removed
WARNING: Shader Did you use #pragma only_renderers and omit this platform?
WARNING: Shader If subshaders removal was intentional, you may have forgotten turning Fallback off?
Refreshing native plugins compatible for Editor in 0.43 ms, found 1 plugins.
Preloading 0 native plugins for Editor in 0.00 ms.
Unloading 17 Unused Serialized files (Serialized files now loaded: 0)
Unloading 6322 unused Assets / (3.6 MB). Loaded Objects now: 7158.
Memory consumption went from 158.3 MB to 154.7 MB.
Total: 4.882750 ms (FindLiveObjects: 0.272375 ms CreateObjectMapping: 0.114084 ms MarkObjects: 3.527166 ms  DeleteObjects: 0.968959 ms)

Prepare: number of updated asset objects reloaded= 0
========================================================================
Received Prepare
Begin MonoManager ReloadAssembly
[Licensing::Client] Successfully resolved entitlement details
Thread 0x16f873000 may have been prematurely finalized
- Loaded All Assemblies, in  0.396 seconds
Refreshing native plugins compatible for Editor in 0.24 ms, found 1 plugins.
Native extension for OSXStandalone target not found
[Package Manager] Failed to launch server process. Reason: Unity was launched with the -noUpm command-line argument
[Package Manager] Unable to send message (not connected to server process).
[Package Manager] Cannot connect to Unity Package Manager local server
ScheduleIndexationOnStartup MainProcess:False IndexOnStartup:True
Mono: successfully reloaded assembly
- Finished resetting the current domain, in  0.391 seconds
Domain Reload Profiling: 789ms
	BeginReloadAssembly (116ms)
		ExecutionOrderSort (0ms)
		DisableScriptedObjects (5ms)
		BackupInstance (0ms)
		ReleaseScriptingObjects (0ms)
		CreateAndSetChildDomain (32ms)
	RebuildCommonClasses (20ms)
	RebuildNativeTypeToScriptingClass (7ms)
	initialDomainReloadingComplete (12ms)
	LoadAllAssembliesAndSetupDomain (243ms)
		LoadAssemblies (180ms)
		RebuildTransferFunctionScriptingTraits (0ms)
		AnalyzeDomain (102ms)
			TypeCache.Refresh (6ms)
				TypeCache.ScanAssembly (0ms)
			BuildScriptInfoCaches (88ms)
			ResolveRequiredComponents (5ms)
	FinalizeReload (391ms)
		ReleaseScriptCaches (0ms)
		RebuildScriptCaches (0ms)
		SetupLoadedEditorAssemblies (313ms)
			LogAssemblyErrors (0ms)
			InitializePlatformSupportModulesInManaged (1ms)
			SetLoadedEditorAssemblies (3ms)
			BeforeProcessingInitializeOnLoad (92ms)
			ProcessInitializeOnLoadAttributes (183ms)
			ProcessInitializeOnLoadMethodAttributes (33ms)
			AfterProcessingInitializeOnLoad (1ms)
			EditorAssembliesLoaded (0ms)
		ExecutionOrderSort2 (0ms)
		AwakeInstancesAfterBackupRestoration (6ms)
WARNING: Shader Unsupported: 'Universal Render Pipeline/VR/SpatialMapping/Wireframe' - All subshaders removed
WARNING: Shader Did you use #pragma only_renderers and omit this platform?
WARNING: Shader If subshaders removal was intentional, you may have forgotten turning Fallback off?
WARNING: Shader Unsupported: 'Universal Render Pipeline/VR/SpatialMapping/Wireframe' - All subshaders removed
WARNING: Shader Did you use #pragma only_renderers and omit this platform?
WARNING: Shader If subshaders removal was intentional, you may have forgotten turning Fallback off?
Refreshing native plugins compatible for Editor in 0.36 ms, found 1 plugins.
Preloading 0 native plugins for Editor in 0.00 ms.
Unloading 17 Unused Serialized files (Serialized files now loaded: 0)
Unloading 6322 unused Assets / (3.4 MB). Loaded Objects now: 7161.
Memory consumption went from 158.4 MB to 155.0 MB.
Total: 5.216125 ms (FindLiveObjects: 0.276125 ms CreateObjectMapping: 0.107083 ms MarkObjects: 3.943375 ms  DeleteObjects: 0.889291 ms)

Prepare: number of updated asset objects reloaded= 0
========================================================================
Received Import Request.
  Time since last request: 192385.128522 seconds.
  path: Assets/Scripts/CC2DFaceAligner.cs
  artifactKey: Guid(81c2ac6f830f64b2d80b0d40c5a5f707) Importer(2089858483,b0f066a214c2f5e87bad3c948f4d605d)
Start importing Assets/Scripts/CC2DFaceAligner.cs using Guid(81c2ac6f830f64b2d80b0d40c5a5f707) Importer(2089858483,b0f066a214c2f5e87bad3c948f4d605d) (ScriptedImporter) -> (artifact id: '8f207c3b87c63f38c1b3c2752b681b66') in 0.051389917 seconds
Number of updated asset objects reloaded before import = 0Number of asset objects unloaded after import = 0

========================================================================
Received Import Request.
  Time since last request: 0.000055 seconds.
  path: Assets/Personagens/Baked Character_Textures
  artifactKey: Guid(4a2b2f3b3f7c54d348cd68191dd648f5) Importer(2089858483,b0f066a214c2f5e87bad3c948f4d605d)
Start importing Assets/Personagens/Baked Character_Textures using Guid(4a2b2f3b3f7c54d348cd68191dd648f5) Importer(2089858483,b0f066a214c2f5e87bad3c948f4d605d) (ScriptedImporter) -> (artifact id: 'c2d1505506d7de3f276a1b3d658894e0') in 0.002143959 seconds
Number of updated asset objects reloaded before import = 0Number of asset objects unloaded after import = 1

========================================================================
Received Import Request.
  Time since last request: 0.000053 seconds.
  path: Assets/Personagens/Baked Character_Textures/Baked Character_Ear.png
  artifactKey: Guid(f0ef753938ffd456eb933949fe2f7989) Importer(2089858483,b0f066a214c2f5e87bad3c948f4d605d)
Start importing Assets/Personagens/Baked Character_Textures/Baked Character_Ear.png using Guid(f0ef753938ffd456eb933949fe2f7989) Importer(2089858483,b0f066a214c2f5e87bad3c948f4d605d) (ScriptedImporter) -> (artifact id: 'd2b404ffa498b7b1bcaeb4507229d462') in 0.026581709 seconds
Number of updated asset objects reloaded before import = 0Number of asset objects unloaded after import = 1

========================================================================
Received Import Request.
  Time since last request: 0.000051 seconds.
  path: Assets/Personagens/Baked Character_Textures/Baked Character_Mouth.png
  artifactKey: Guid(a7217d2a292e54a71a55e271a28b3f61) Importer(2089858483,b0f066a214c2f5e87bad3c948f4d605d)
Start importing Assets/Personagens/Baked Character_Textures/Baked Character_Mouth.png using Guid(a7217d2a292e54a71a55e271a28b3f61) Importer(2089858483,b0f066a214c2f5e87bad3c948f4d605d) (ScriptedImporter) -> (artifact id: 'e655b578942552485a5f89c2d603805c') in 0.004120917 seconds
Number of updated asset objects reloaded before import = 0Number of asset objects unloaded after import = 1

========================================================================
Received Import Request.
  Time since last request: 0.000036 seconds.
  path: Assets/Personagens/Baked Character_Textures/Baked Character_Nose.png
  artifactKey: Guid(df30d44495f0d4bb6a307b9896031eb4) Importer(2089858483,b0f066a214c2f5e87bad3c948f4d605d)
Start importing Assets/Personagens/Baked Character_Textures/Baked Character_Nose.png using Guid(df30d44495f0d4bb6a307b9896031eb4) Importer(2089858483,b0f066a214c2f5e87bad3c948f4d605d) (ScriptedImporter) -> (artifact id: '2d5df065454a66c692fbce7d18602677') in 0.004254583 seconds
Number of updated asset objects reloaded before import = 0Number of asset objects unloaded after import = 1

========================================================================
Received Import Request.
  Time since last request: 0.000043 seconds.
  path: Assets/Personagens/New Character_materials/New Character Pants.mat
  artifactKey: Guid(65f44ed2760984e94976a7dae1e241d2) Importer(2089858483,b0f066a214c2f5e87bad3c948f4d605d)
Start importing Assets/Personagens/New Character_materials/New Character Pants.mat using Guid(65f44ed2760984e94976a7dae1e241d2) Importer(2089858483,b0f066a214c2f5e87bad3c948f4d605d) (ScriptedImporter) -> (artifact id: '62634fafc84966c3aa41efa6b1420129') in 0.010391584 seconds
Number of updated asset objects reloaded before import = 0Number of asset objects unloaded after import = 2

========================================================================
Received Import Request.
  Time since last request: 0.000045 seconds.
  path: Assets/Scenes/ConfigPersonagem.unity
  artifactKey: Guid(a82538880934c4651bac8ac677d7e586) Importer(2089858483,b0f066a214c2f5e87bad3c948f4d605d)
Start importing Assets/Scenes/ConfigPersonagem.unity using Guid(a82538880934c4651bac8ac677d7e586) Importer(2089858483,b0f066a214c2f5e87bad3c948f4d605d) (ScriptedImporter) -> (artifact id: '13a3a247d140fe56f4e38311370821f6') in 0.001623334 seconds
Number of updated asset objects reloaded before import = 0Number of asset objects unloaded after import = 1

========================================================================
Received Import Request.
  Time since last request: 0.000053 seconds.
  path: Assets/Laçador - Porto Alegre (RS)/lacador_100k_3_t8k_u0_v0.png
  artifactKey: Guid(e92f21b1fd41442c280a5da0dfc965f9) Importer(2089858483,b0f066a214c2f5e87bad3c948f4d605d)
Start importing Assets/Laçador - Porto Alegre (RS)/lacador_100k_3_t8k_u0_v0.png using Guid(e92f21b1fd41442c280a5da0dfc965f9) Importer(2089858483,b0f066a214c2f5e87bad3c948f4d605d) (ScriptedImporter) -> (artifact id: '6a5cc0f37bfb8b70606acecde9306c4b') in 0.004487333 seconds
Number of updated asset objects reloaded before import = 0Number of asset objects unloaded after import = 1

========================================================================
Received Import Request.
  Time since last request: 0.000057 seconds.
  path: Assets/Personagens/New Character_materials/New Character Gloves.mat
  artifactKey: Guid(f163d1ca6fc4c45f9a70438a36109725) Importer(2089858483,b0f066a214c2f5e87bad3c948f4d605d)
Start importing Assets/Personagens/New Character_materials/New Character Gloves.mat using Guid(f163d1ca6fc4c45f9a70438a36109725) Importer(2089858483,b0f066a214c2f5e87bad3c948f4d605d) (ScriptedImporter) -> (artifact id: '069fda5c30a68a5061fd3ec32e8044da') in 0.00225225 seconds
Number of updated asset objects reloaded before import = 0Number of asset objects unloaded after import = 1

========================================================================
Received Import Request.
  Time since last request: 0.000051 seconds.
  path: Assets/Personagens/Baked Character_Textures/Baked Character_Armor.png
  artifactKey: Guid(2669ef3c50107439eae103750baeb722) Importer(2089858483,b0f066a214c2f5e87bad3c948f4d605d)
Start importing Assets/Personagens/Baked Character_Textures/Baked Character_Armor.png using Guid(2669ef3c50107439eae103750baeb722) Importer(2089858483,b0f066a214c2f5e87bad3c948f4d605d) (ScriptedImporter) -> (artifact id: 'c02fd8ec493e4f2d9c2eab3c0db8a873') in 0.0040805 seconds
Number of updated asset objects reloaded before import = 0Number of asset objects unloaded after import = 1

========================================================================
Received Import Request.
  Time since last request: 0.000058 seconds.
  path: Assets/Scenes/SampleScene.unity
  artifactKey: Guid(99c9720ab356a0642a771bea13969a05) Importer(2089858483,b0f066a214c2f5e87bad3c948f4d605d)
Start importing Assets/Scenes/SampleScene.unity using Guid(99c9720ab356a0642a771bea13969a05) Importer(2089858483,b0f066a214c2f5e87bad3c948f4d605d) (ScriptedImporter) -> (artifact id: 'ecb8d35d9bb7388629c035545b4cbfa6') in 0.002836 seconds
Number of updated asset objects reloaded before import = 0Number of asset objects unloaded after import = 1

========================================================================
Received Import Request.
  Time since last request: 0.000043 seconds.
  path: Assets/Personagens/New Character_materials/New Character Skin.mat
  artifactKey: Guid(a94e82fb51a01493ca951218dd4289c1) Importer(2089858483,b0f066a214c2f5e87bad3c948f4d605d)
Start importing Assets/Personagens/New Character_materials/New Character Skin.mat using Guid(a94e82fb51a01493ca951218dd4289c1) Importer(2089858483,b0f066a214c2f5e87bad3c948f4d605d) (ScriptedImporter) -> (artifact id: '61643f4fa5e0f97b9816025dc5c46f38') in 0.002059333 seconds
Number of updated asset objects reloaded before import = 0Number of asset objects unloaded after import = 1

========================================================================
Received Import Request.
  Time since last request: 0.000042 seconds.
  path: Assets/Personagens/New Character_materials/New Character Skirt.mat
  artifactKey: Guid(dbaa2a4708c8d436c8384dc8c272d554) Importer(2089858483,b0f066a214c2f5e87bad3c948f4d605d)
Start importing Assets/Personagens/New Character_materials/New Character Skirt.mat using Guid(dbaa2a4708c8d436c8384dc8c272d554) Importer(2089858483,b0f066a214c2f5e87bad3c948f4d605d) (ScriptedImporter) -> (artifact id: '131d3b0885c8492225193156dd88904f') in 0.002274042 seconds
Number of updated asset objects reloaded before import = 0Number of asset objects unloaded after import = 1

========================================================================
Received Import Request.
  Time since last request: 0.000039 seconds.
  path: Assets/Personagens/Baked Character_Textures/Baked Character_Eyes.png
  artifactKey: Guid(6cd2fb952aa1549bdbe6f7656f2de6e3) Importer(2089858483,b0f066a214c2f5e87bad3c948f4d605d)
Start importing Assets/Personagens/Baked Character_Textures/Baked Character_Eyes.png using Guid(6cd2fb952aa1549bdbe6f7656f2de6e3) Importer(2089858483,b0f066a214c2f5e87bad3c948f4d605d) (ScriptedImporter) -> (artifact id: '8ce38b64cf8daeb20d99049d0e9f2474') in 0.004294917 seconds
Number of updated asset objects reloaded before import = 0Number of asset objects unloaded after import = 1

========================================================================
Received Import Request.
  Time since last request: 0.000047 seconds.
  path: Assets/Personagens/New Character_materials/New Character Helmet.mat
  artifactKey: Guid(42251f84ad1114938b73294da5501536) Importer(2089858483,b0f066a214c2f5e87bad3c948f4d605d)
Start importing Assets/Personagens/New Character_materials/New Character Helmet.mat using Guid(42251f84ad1114938b73294da5501536) Importer(2089858483,b0f066a214c2f5e87bad3c948f4d605d) (ScriptedImporter) -> (artifact id: '0a24457692d1947b04bb6814abc7f6f3') in 0.001919875 seconds
Number of updated asset objects reloaded before import = 0Number of asset objects unloaded after import = 1

========================================================================
Received Import Request.
  Time since last request: 0.000044 seconds.
  path: Assets/Personagens/Baked Character_Textures/Baked Character_BodySkin.png
  artifactKey: Guid(5ab0e98ecf09948fda53c1da0709126a) Importer(2089858483,b0f066a214c2f5e87bad3c948f4d605d)
Start importing Assets/Personagens/Baked Character_Textures/Baked Character_BodySkin.png using Guid(5ab0e98ecf09948fda53c1da0709126a) Importer(2089858483,b0f066a214c2f5e87bad3c948f4d605d) (ScriptedImporter) -> (artifact id: 'cc6706bf3cc68b687d1395a8608ee8a3') in 0.004937166 seconds
Number of updated asset objects reloaded before import = 0Number of asset objects unloaded after import = 1

========================================================================
Received Import Request.
  Time since last request: 0.000038 seconds.
  path: Assets/Personagens/Baked Character_Materials/Baked Character_Sprite.mat
  artifactKey: Guid(006f5ce5bcbdc4543b79c1c0f3703982) Importer(2089858483,b0f066a214c2f5e87bad3c948f4d605d)
Start importing Assets/Personagens/Baked Character_Materials/Baked Character_Sprite.mat using Guid(006f5ce5bcbdc4543b79c1c0f3703982) Importer(2089858483,b0f066a214c2f5e87bad3c948f4d605d) (ScriptedImporter) -> (artifact id: '982d804d81b6e5d4dc056d2e9d7cf70d') in 0.0015885 seconds
Number of updated asset objects reloaded before import = 0Number of asset objects unloaded after import = 1

========================================================================
Received Import Request.
  Time since last request: 0.000063 seconds.
  path: Assets/Settings/UniversalRenderPipelineGlobalSettings.asset
  artifactKey: Guid(18dc0cd2c080841dea60987a38ce93fa) Importer(2089858483,b0f066a214c2f5e87bad3c948f4d605d)
Start importing Assets/Settings/UniversalRenderPipelineGlobalSettings.asset using Guid(18dc0cd2c080841dea60987a38ce93fa) Importer(2089858483,b0f066a214c2f5e87bad3c948f4d605d) (ScriptedImporter) -> (artifact id: '043c3d5d4faaae31eab6efd870422af5') in 0.048494083 seconds
Number of updated asset objects reloaded before import = 0Number of asset objects unloaded after import = 0

========================================================================
Received Import Request.
  Time since last request: 0.000033 seconds.
  path: Assets/Personagens/Baked Character_Materials
  artifactKey: Guid(dea4ac3f9fa2f4b99871d9343ad09d9e) Importer(2089858483,b0f066a214c2f5e87bad3c948f4d605d)
Start importing Assets/Personagens/Baked Character_Materials using Guid(dea4ac3f9fa2f4b99871d9343ad09d9e) Importer(2089858483,b0f066a214c2f5e87bad3c948f4d605d) (ScriptedImporter) -> (artifact id: 'a00cf1c0ab32532a708a3e83b8fa3af7') in 0.001338291 seconds
Number of updated asset objects reloaded before import = 0Number of asset objects unloaded after import = 1

========================================================================
Received Import Request.
  Time since last request: 0.000039 seconds.
  path: Assets/Personagens/New Character_materials/New Character Cape.mat
  artifactKey: Guid(835bf7e10afb2471eaaad5a10b358266) Importer(2089858483,b0f066a214c2f5e87bad3c948f4d605d)
Start importing Assets/Personagens/New Character_materials/New Character Cape.mat using Guid(835bf7e10afb2471eaaad5a10b358266) Importer(2089858483,b0f066a214c2f5e87bad3c948f4d605d) (ScriptedImporter) -> (artifact id: '7becdbdf7645826a1b39ad47d35207e8') in 0.001948958 seconds
Number of updated asset objects reloaded before import = 0Number of asset objects unloaded after import = 1

========================================================================
Received Import Request.
  Time since last request: 0.000036 seconds.
  path: Assets/Laçador - Porto Alegre (RS)/model_0.obj
  artifactKey: Guid(c88ba09f27a6544bd9c90758289ffc02) Importer(2089858483,b0f066a214c2f5e87bad3c948f4d605d)
Start importing Assets/Laçador - Porto Alegre (RS)/model_0.obj using Guid(c88ba09f27a6544bd9c90758289ffc02) Importer(2089858483,b0f066a214c2f5e87bad3c948f4d605d) (ScriptedImporter) -> (artifact id: '2d95dcad50a40ea12374b9915a3798d6') in 0.020156708 seconds
Number of updated asset objects reloaded before import = 0Number of asset objects unloaded after import = 10

========================================================================
Received Import Request.
  Time since last request: 0.000055 seconds.
  path: Assets/Personagens/Baked Character.prefab
  artifactKey: Guid(08e0913d5e5fc4cf29979fe0f6f0b2ba) Importer(2089858483,b0f066a214c2f5e87bad3c948f4d605d)
Start importing Assets/Personagens/Baked Character.prefab using Guid(08e0913d5e5fc4cf29979fe0f6f0b2ba) Importer(2089858483,b0f066a214c2f5e87bad3c948f4d605d) (ScriptedImporter) -> (artifact id: 'fd9dc479ccaad5fea8e74ba0aedd8f14') in 0.083353708 seconds
Number of updated asset objects reloaded before import = 0Number of asset objects unloaded after import = 563

========================================================================
Received Import Request.
  Time since last request: 0.000046 seconds.
  path: Assets/Personagens/New Character.prefab
  artifactKey: Guid(721c13a0aedea488581cee706981752e) Importer(2089858483,b0f066a214c2f5e87bad3c948f4d605d)
Start importing Assets/Personagens/New Character.prefab using Guid(721c13a0aedea488581cee706981752e) Importer(2089858483,b0f066a214c2f5e87bad3c948f4d605d) (ScriptedImporter) -> (artifact id: '16fd8a145cb14b107072e2cd8209feed') in 0.105153375 seconds
Number of updated asset objects reloaded before import = 0Number of asset objects unloaded after import = 1428

========================================================================
Received Import Request.
  Time since last request: 0.971169 seconds.
  path: Assets/3D
  artifactKey: Guid(9880fc8f55a6f4e0993fed7390bf99a3) Importer(815301076,1909f56bfc062723c751e8b465ee728b)
Start importing Assets/3D using Guid(9880fc8f55a6f4e0993fed7390bf99a3) Importer(815301076,1909f56bfc062723c751e8b465ee728b) (PreviewImporter) -> (artifact id: '133eb3b2ce28aa5f15f3bfea9002dddd') in 0.000338125 seconds
Number of updated asset objects reloaded before import = 0Number of asset objects unloaded after import = 0

========================================================================
Received Import Request.
  Time since last request: 0.952734 seconds.
  path: Assets/3D
  artifactKey: Guid(9880fc8f55a6f4e0993fed7390bf99a3) Importer(2089858483,b0f066a214c2f5e87bad3c948f4d605d)
Start importing Assets/3D using Guid(9880fc8f55a6f4e0993fed7390bf99a3) Importer(2089858483,b0f066a214c2f5e87bad3c948f4d605d) (ScriptedImporter) -> (artifact id: 'b707df83ed0faabb2266ebb4d1c29906') in 0.001391375 seconds
Number of updated asset objects reloaded before import = 0Number of asset objects unloaded after import = 1

========================================================================
Received Import Request.
  Time since last request: 1.609857 seconds.
  path: Assets/3D/Personagens/New Character_materials
  artifactKey: Guid(12ed2bbbc44a64de7b2a254c546a8a9f) Importer(2089858483,b0f066a214c2f5e87bad3c948f4d605d)
Start importing Assets/3D/Personagens/New Character_materials using Guid(12ed2bbbc44a64de7b2a254c546a8a9f) Importer(2089858483,b0f066a214c2f5e87bad3c948f4d605d) (ScriptedImporter) -> (artifact id: 'ab18dde5d5cdcd94acb81764e3dec113') in 0.00188 seconds
Number of updated asset objects reloaded before import = 0Number of asset objects unloaded after import = 1

========================================================================
Received Import Request.
  Time since last request: 0.000037 seconds.
  path: Assets/3D/Personagens/01_Textures/01_Eyebrow.png
  artifactKey: Guid(9c73f8d84295a4a8d9606097cd543187) Importer(2089858483,b0f066a214c2f5e87bad3c948f4d605d)
Start importing Assets/3D/Personagens/01_Textures/01_Eyebrow.png using Guid(9c73f8d84295a4a8d9606097cd543187) Importer(2089858483,b0f066a214c2f5e87bad3c948f4d605d) (ScriptedImporter) -> (artifact id: '237bc85587d8cd91ecdc58b698e71950') in 0.003456958 seconds
Number of updated asset objects reloaded before import = 0Number of asset objects unloaded after import = 1

========================================================================
Received Import Request.
  Time since last request: 0.000039 seconds.
  path: Assets/3D/Personagens/01_Textures/01_Pants.png
  artifactKey: Guid(938aabae25eee4931abc6883156740f0) Importer(2089858483,b0f066a214c2f5e87bad3c948f4d605d)
Start importing Assets/3D/Personagens/01_Textures/01_Pants.png using Guid(938aabae25eee4931abc6883156740f0) Importer(2089858483,b0f066a214c2f5e87bad3c948f4d605d) (ScriptedImporter) -> (artifact id: '03246ae7644d67ac074ffa36dce4df21') in 0.004458083 seconds
Number of updated asset objects reloaded before import = 0Number of asset objects unloaded after import = 1

========================================================================
Received Import Request.
  Time since last request: 0.000039 seconds.
  path: Assets/3D/Personagens/01_Textures/01_Ear.png
  artifactKey: Guid(5b8b9656a88a24f5c9b54eaad6abb664) Importer(2089858483,b0f066a214c2f5e87bad3c948f4d605d)
Start importing Assets/3D/Personagens/01_Textures/01_Ear.png using Guid(5b8b9656a88a24f5c9b54eaad6abb664) Importer(2089858483,b0f066a214c2f5e87bad3c948f4d605d) (ScriptedImporter) -> (artifact id: '1170319886fa4284e49f0eeba014d3d7') in 0.00355675 seconds
Number of updated asset objects reloaded before import = 0Number of asset objects unloaded after import = 1

========================================================================
Received Import Request.
  Time since last request: 0.000038 seconds.
  path: Assets/3D/Personagens/01_Materials/01_Sprite.mat
  artifactKey: Guid(4005b3afb736c427f823316ff9047218) Importer(2089858483,b0f066a214c2f5e87bad3c948f4d605d)
Start importing Assets/3D/Personagens/01_Materials/01_Sprite.mat using Guid(4005b3afb736c427f823316ff9047218) Importer(2089858483,b0f066a214c2f5e87bad3c948f4d605d) (ScriptedImporter) -> (artifact id: 'cff2c85dbbbbc5848f7ec152bea66d5d') in 0.001567542 seconds
Number of updated asset objects reloaded before import = 0Number of asset objects unloaded after import = 1

========================================================================
Received Import Request.
  Time since last request: 0.000041 seconds.
  path: Assets/3D/Personagens/01_Textures/01_Mouth.png
  artifactKey: Guid(c9dd498380d0d48ecab87555a462dc24) Importer(2089858483,b0f066a214c2f5e87bad3c948f4d605d)
Start importing Assets/3D/Personagens/01_Textures/01_Mouth.png using Guid(c9dd498380d0d48ecab87555a462dc24) Importer(2089858483,b0f066a214c2f5e87bad3c948f4d605d) (ScriptedImporter) -> (artifact id: 'ee42e9624689df906a455f7dd782e222') in 0.003165125 seconds
Number of updated asset objects reloaded before import = 0Number of asset objects unloaded after import = 1

========================================================================
Received Import Request.
  Time since last request: 0.000043 seconds.
  path: Assets/3D/Personagens/Baked Character_Textures/Baked Character_Armor.png
  artifactKey: Guid(2669ef3c50107439eae103750baeb722) Importer(2089858483,b0f066a214c2f5e87bad3c948f4d605d)
Start importing Assets/3D/Personagens/Baked Character_Textures/Baked Character_Armor.png using Guid(2669ef3c50107439eae103750baeb722) Importer(2089858483,b0f066a214c2f5e87bad3c948f4d605d) (ScriptedImporter) -> (artifact id: '8a933ae622e42594197907e259c7e343') in 0.002506208 seconds
Number of updated asset objects reloaded before import = 0Number of asset objects unloaded after import = 1

========================================================================
Received Import Request.
  Time since last request: 0.000038 seconds.
  path: Assets/3D/Personagens/01_Textures/01_BodySkin.png
  artifactKey: Guid(4bc7afda99b4f49b7b5bcc6a235b9fb2) Importer(2089858483,b0f066a214c2f5e87bad3c948f4d605d)
Start importing Assets/3D/Personagens/01_Textures/01_BodySkin.png using Guid(4bc7afda99b4f49b7b5bcc6a235b9fb2) Importer(2089858483,b0f066a214c2f5e87bad3c948f4d605d) (ScriptedImporter) -> (artifact id: 'c2593efc43534cec8ac610b540b3b01f') in 0.004780958 seconds
Number of updated asset objects reloaded before import = 0Number of asset objects unloaded after import = 1

========================================================================
Received Import Request.
  Time since last request: 0.000040 seconds.
  path: Assets/3D/Personagens/New Character_materials/New Character Weapon R.mat
  artifactKey: Guid(5144e9983bf8d461392c5d30e4cc60f6) Importer(2089858483,b0f066a214c2f5e87bad3c948f4d605d)
Start importing Assets/3D/Personagens/New Character_materials/New Character Weapon R.mat using Guid(5144e9983bf8d461392c5d30e4cc60f6) Importer(2089858483,b0f066a214c2f5e87bad3c948f4d605d) (ScriptedImporter) -> (artifact id: '3812a96d756006b728813e05fd6d250e') in 0.001553875 seconds
Number of updated asset objects reloaded before import = 0Number of asset objects unloaded after import = 1

========================================================================
Received Import Request.
  Time since last request: 0.000040 seconds.
  path: Assets/3D/Personagens/New Character_materials/New Character Weapon L.mat
  artifactKey: Guid(688fb7c3e50ae49bd88adb17217b521d) Importer(2089858483,b0f066a214c2f5e87bad3c948f4d605d)
Start importing Assets/3D/Personagens/New Character_materials/New Character Weapon L.mat using Guid(688fb7c3e50ae49bd88adb17217b521d) Importer(2089858483,b0f066a214c2f5e87bad3c948f4d605d) (ScriptedImporter) -> (artifact id: '5af25b96fdaf698a5c97be36e237080c') in 0.002189625 seconds
Number of updated asset objects reloaded before import = 0Number of asset objects unloaded after import = 1

========================================================================
Received Import Request.
  Time since last request: 0.000042 seconds.
  path: Assets/3D/Personagens/New Character_materials/New Character Helmet.mat
  artifactKey: Guid(42251f84ad1114938b73294da5501536) Importer(2089858483,b0f066a214c2f5e87bad3c948f4d605d)
Start importing Assets/3D/Personagens/New Character_materials/New Character Helmet.mat using Guid(42251f84ad1114938b73294da5501536) Importer(2089858483,b0f066a214c2f5e87bad3c948f4d605d) (ScriptedImporter) -> (artifact id: '4e7a36f9dbef147f67f597a0b690fd24') in 0.001427958 seconds
Number of updated asset objects reloaded before import = 0Number of asset objects unloaded after import = 1

========================================================================
Received Import Request.
  Time since last request: 0.000039 seconds.
  path: Assets/3D/Personagens/Baked Character_Textures/Baked Character_Hair.png
  artifactKey: Guid(1acbd1ead757f4dfd899bfa08b785acb) Importer(2089858483,b0f066a214c2f5e87bad3c948f4d605d)
Start importing Assets/3D/Personagens/Baked Character_Textures/Baked Character_Hair.png using Guid(1acbd1ead757f4dfd899bfa08b785acb) Importer(2089858483,b0f066a214c2f5e87bad3c948f4d605d) (ScriptedImporter) -> (artifact id: '35155b7cba9f95b46865afe7ec569de2') in 0.002783042 seconds
Number of updated asset objects reloaded before import = 0Number of asset objects unloaded after import = 1

========================================================================
Received Import Request.
  Time since last request: 0.000093 seconds.
  path: Assets/3D/Personagens/01_Textures/01_Nose.png
  artifactKey: Guid(a71c5b69785fd4cefa5d0517da4bff8b) Importer(2089858483,b0f066a214c2f5e87bad3c948f4d605d)
Start importing Assets/3D/Personagens/01_Textures/01_Nose.png using Guid(a71c5b69785fd4cefa5d0517da4bff8b) Importer(2089858483,b0f066a214c2f5e87bad3c948f4d605d) (ScriptedImporter) -> (artifact id: 'a54eb0dade928c3481c2531451d6d321') in 0.003341792 seconds
Number of updated asset objects reloaded before import = 0Number of asset objects unloaded after import = 1

========================================================================
Received Import Request.
  Time since last request: 0.000055 seconds.
  path: Assets/3D/Personagens/New Character_materials/New Character Boots.mat
  artifactKey: Guid(3014b869ab59f487685fa10cc896de3d) Importer(2089858483,b0f066a214c2f5e87bad3c948f4d605d)
Start importing Assets/3D/Personagens/New Character_materials/New Character Boots.mat using Guid(3014b869ab59f487685fa10cc896de3d) Importer(2089858483,b0f066a214c2f5e87bad3c948f4d605d) (ScriptedImporter) -> (artifact id: 'ed160407292973184c5c6af3ab9efc55') in 0.001621084 seconds
Number of updated asset objects reloaded before import = 0Number of asset objects unloaded after import = 1

========================================================================
Received Import Request.
  Time since last request: 0.000048 seconds.
  path: Assets/3D/Personagens/Baked Character_Textures/Baked Character_Eyebrow.png
  artifactKey: Guid(e787e31252e114652b4611143080193a) Importer(2089858483,b0f066a214c2f5e87bad3c948f4d605d)
Start importing Assets/3D/Personagens/Baked Character_Textures/Baked Character_Eyebrow.png using Guid(e787e31252e114652b4611143080193a) Importer(2089858483,b0f066a214c2f5e87bad3c948f4d605d) (ScriptedImporter) -> (artifact id: '1ce2b6adb12a34b54f0aed77b571fd01') in 0.003085459 seconds
Number of updated asset objects reloaded before import = 0Number of asset objects unloaded after import = 1

========================================================================
Received Import Request.
  Time since last request: 0.000037 seconds.
  path: Assets/3D/Personagens/01_Textures/01_Armor.png
  artifactKey: Guid(7b272af4b498943ffa43bab03338ca82) Importer(2089858483,b0f066a214c2f5e87bad3c948f4d605d)
Start importing Assets/3D/Personagens/01_Textures/01_Armor.png using Guid(7b272af4b498943ffa43bab03338ca82) Importer(2089858483,b0f066a214c2f5e87bad3c948f4d605d) (ScriptedImporter) -> (artifact id: 'e4c1fcb8fd1b49a027dcbc4b44746f09') in 0.003632542 seconds
Number of updated asset objects reloaded before import = 0Number of asset objects unloaded after import = 1

========================================================================
Received Import Request.
  Time since last request: 0.000039 seconds.
  path: Assets/3D/Personagens/New Character.prefab
  artifactKey: Guid(721c13a0aedea488581cee706981752e) Importer(2089858483,b0f066a214c2f5e87bad3c948f4d605d)
Start importing Assets/3D/Personagens/New Character.prefab using Guid(721c13a0aedea488581cee706981752e) Importer(2089858483,b0f066a214c2f5e87bad3c948f4d605d) (ScriptedImporter) -> (artifact id: '469a844c91ddf62a7ba396726b1964ee') in 0.084842125 seconds
Number of updated asset objects reloaded before import = 0Number of asset objects unloaded after import = 1428

========================================================================
Received Import Request.
  Time since last request: 5.315058 seconds.
  path: Assets/3D/Laçador - Porto Alegre (RS)/model_0.obj
  artifactKey: Guid(c88ba09f27a6544bd9c90758289ffc02) Importer(2089858483,b0f066a214c2f5e87bad3c948f4d605d)
Start importing Assets/3D/Laçador - Porto Alegre (RS)/model_0.obj using Guid(c88ba09f27a6544bd9c90758289ffc02) Importer(2089858483,b0f066a214c2f5e87bad3c948f4d605d) (ScriptedImporter) -> (artifact id: '51cbf94cf8d4f3c1f6c24d2246de714b') in 0.004461666 seconds
Number of updated asset objects reloaded before import = 0Number of asset objects unloaded after import = 10

========================================================================
Received Import Request.
  Time since last request: 0.905342 seconds.
  path: Assets/3D/Laçador - Porto Alegre (RS)
  artifactKey: Guid(ff39e45ae9e534403b6c39608aaefc5d) Importer(815301076,1909f56bfc062723c751e8b465ee728b)
Start importing Assets/3D/Laçador - Porto Alegre (RS) using Guid(ff39e45ae9e534403b6c39608aaefc5d) Importer(815301076,1909f56bfc062723c751e8b465ee728b) (PreviewImporter) -> (artifact id: 'dce54351576a5891be1ec1d757d7025f') in 0.000361792 seconds
Number of updated asset objects reloaded before import = 0Number of asset objects unloaded after import = 0

========================================================================
Received Import Request.
  Time since last request: 0.578444 seconds.
  path: Assets/3D/Laçador - Porto Alegre (RS)/lacador_100k_3_t8k_u0_v0.png
  artifactKey: Guid(e92f21b1fd41442c280a5da0dfc965f9) Importer(815301076,1909f56bfc062723c751e8b465ee728b)
Start importing Assets/3D/Laçador - Porto Alegre (RS)/lacador_100k_3_t8k_u0_v0.png using Guid(e92f21b1fd41442c280a5da0dfc965f9) Importer(815301076,1909f56bfc062723c751e8b465ee728b) (PreviewImporter) -> (artifact id: 'f2129a00b1211ddab70a4ac76d401074') in 0.035715125 seconds
Number of updated asset objects reloaded before import = 0Number of asset objects unloaded after import = 2

========================================================================
Received Import Request.
  Time since last request: 0.622629 seconds.
  path: Assets/3D/Laçador - Porto Alegre (RS)/model_0.obj
  artifactKey: Guid(c88ba09f27a6544bd9c90758289ffc02) Importer(815301076,1909f56bfc062723c751e8b465ee728b)
Start importing Assets/3D/Laçador - Porto Alegre (RS)/model_0.obj using Guid(c88ba09f27a6544bd9c90758289ffc02) Importer(815301076,1909f56bfc062723c751e8b465ee728b) (PreviewImporter) -> (artifact id: 'b8570b4f57bf6427d07d2ec726d1ab8d') in 0.592348541 seconds
Number of updated asset objects reloaded before import = 0Number of asset objects unloaded after import = 10

========================================================================
Received Import Request.
  Time since last request: 6.431191 seconds.
  path: Assets/3D/Laçador - Porto Alegre (RS)/model_0.obj
  artifactKey: Guid(c88ba09f27a6544bd9c90758289ffc02) Importer(815301076,1909f56bfc062723c751e8b465ee728b)
Start importing Assets/3D/Laçador - Porto Alegre (RS)/model_0.obj using Guid(c88ba09f27a6544bd9c90758289ffc02) Importer(815301076,1909f56bfc062723c751e8b465ee728b) (PreviewImporter) -> (artifact id: '6389021ac450e6e0966937f28452ce99') in 0.023023292 seconds
Number of updated asset objects reloaded before import = 0Number of asset objects unloaded after import = 10

========================================================================
Received Import Request.
  Time since last request: 0.021862 seconds.
  path: Assets/3D/Laçador - Porto Alegre (RS)/model_0.obj
  artifactKey: Guid(c88ba09f27a6544bd9c90758289ffc02) Importer(815301076,1909f56bfc062723c751e8b465ee728b)
Start importing Assets/3D/Laçador - Porto Alegre (RS)/model_0.obj using Guid(c88ba09f27a6544bd9c90758289ffc02) Importer(815301076,1909f56bfc062723c751e8b465ee728b) (PreviewImporter) -> (artifact id: 'f10a1d754a041ea61ccccceaa13f1f01') in 0.016902708 seconds
Number of updated asset objects reloaded before import = 0Number of asset objects unloaded after import = 10

========================================================================
Received Import Request.
  Time since last request: 0.954517 seconds.
  path: Assets/3D/Laçador - Porto Alegre (RS)/model_0.obj
  artifactKey: Guid(c88ba09f27a6544bd9c90758289ffc02) Importer(2089858483,b0f066a214c2f5e87bad3c948f4d605d)
Start importing Assets/3D/Laçador - Porto Alegre (RS)/model_0.obj using Guid(c88ba09f27a6544bd9c90758289ffc02) Importer(2089858483,b0f066a214c2f5e87bad3c948f4d605d) (ScriptedImporter) -> (artifact id: '0c7cdf2435683f60f7f25f7966c190e3') in 0.003861625 seconds
Number of updated asset objects reloaded before import = 0Number of asset objects unloaded after import = 9

========================================================================
Received Import Request.
  Time since last request: 15.190555 seconds.
  path: Assets/3D/Laçador - Porto Alegre (RS)/model_1.obj
  artifactKey: Guid(554456131ac7544e18cc5e18adb59b1f) Importer(815301076,1909f56bfc062723c751e8b465ee728b)
Start importing Assets/3D/Laçador - Porto Alegre (RS)/model_1.obj using Guid(554456131ac7544e18cc5e18adb59b1f) Importer(815301076,1909f56bfc062723c751e8b465ee728b) (PreviewImporter) -> (artifact id: 'db1aa851719288bee914bdb49931abcd') in 0.020527708 seconds
Number of updated asset objects reloaded before import = 0Number of asset objects unloaded after import = 10

========================================================================
Received Import Request.
  Time since last request: 0.961922 seconds.
  path: Assets/3D/Laçador - Porto Alegre (RS)/defaultMat 1.mat
  artifactKey: Guid(2e8c5d3aa1fba48ff8413c4c74cf2f3d) Importer(2089858483,b0f066a214c2f5e87bad3c948f4d605d)
Start importing Assets/3D/Laçador - Porto Alegre (RS)/defaultMat 1.mat using Guid(2e8c5d3aa1fba48ff8413c4c74cf2f3d) Importer(2089858483,b0f066a214c2f5e87bad3c948f4d605d) (ScriptedImporter) -> (artifact id: '306a5c147cbe13620f337b17fd85a89d') in 0.002053167 seconds
Number of updated asset objects reloaded before import = 0Number of asset objects unloaded after import = 1

========================================================================
Received Prepare
Begin MonoManager ReloadAssembly
[Licensing::Client] Successfully resolved entitlement details
Thread 0x16f873000 may have been prematurely finalized
- Loaded All Assemblies, in  0.346 seconds
Refreshing native plugins compatible for Editor in 0.19 ms, found 1 plugins.
Native extension for OSXStandalone target not found
[Package Manager] Failed to launch server process. Reason: Unity was launched with the -noUpm command-line argument
[Package Manager] Unable to send message (not connected to server process).
[Package Manager] Cannot connect to Unity Package Manager local server
ScheduleIndexationOnStartup MainProcess:False IndexOnStartup:True
Mono: successfully reloaded assembly
- Finished resetting the current domain, in  0.377 seconds
Domain Reload Profiling: 725ms
	BeginReloadAssembly (102ms)
		ExecutionOrderSort (0ms)
		DisableScriptedObjects (10ms)
		BackupInstance (0ms)
		ReleaseScriptingObjects (0ms)
		CreateAndSetChildDomain (28ms)
	RebuildCommonClasses (20ms)
	RebuildNativeTypeToScriptingClass (7ms)
	initialDomainReloadingComplete (12ms)
	LoadAllAssembliesAndSetupDomain (207ms)
		LoadAssemblies (144ms)
		RebuildTransferFunctionScriptingTraits (0ms)
		AnalyzeDomain (94ms)
			TypeCache.Refresh (6ms)
				TypeCache.ScanAssembly (0ms)
			BuildScriptInfoCaches (80ms)
			ResolveRequiredComponents (6ms)
	FinalizeReload (377ms)
		ReleaseScriptCaches (0ms)
		RebuildScriptCaches (0ms)
		SetupLoadedEditorAssemblies (298ms)
			LogAssemblyErrors (0ms)
			InitializePlatformSupportModulesInManaged (1ms)
			SetLoadedEditorAssemblies (2ms)
			BeforeProcessingInitializeOnLoad (81ms)
			ProcessInitializeOnLoadAttributes (179ms)
			ProcessInitializeOnLoadMethodAttributes (33ms)
			AfterProcessingInitializeOnLoad (1ms)
			EditorAssembliesLoaded (0ms)
		ExecutionOrderSort2 (0ms)
		AwakeInstancesAfterBackupRestoration (6ms)
WARNING: Shader Unsupported: 'Universal Render Pipeline/VR/SpatialMapping/Wireframe' - All subshaders removed
WARNING: Shader Did you use #pragma only_renderers and omit this platform?
WARNING: Shader If subshaders removal was intentional, you may have forgotten turning Fallback off?
WARNING: Shader Unsupported: 'Universal Render Pipeline/VR/SpatialMapping/Wireframe' - All subshaders removed
WARNING: Shader Did you use #pragma only_renderers and omit this platform?
WARNING: Shader If subshaders removal was intentional, you may have forgotten turning Fallback off?
Refreshing native plugins compatible for Editor in 0.36 ms, found 1 plugins.
Preloading 0 native plugins for Editor in 0.00 ms.
Unloading 17 Unused Serialized files (Serialized files now loaded: 0)
Unloading 6324 unused Assets / (3.2 MB). Loaded Objects now: 7235.
Memory consumption went from 161.8 MB to 158.6 MB.
Total: 5.723500 ms (FindLiveObjects: 0.291750 ms CreateObjectMapping: 0.196042 ms MarkObjects: 4.353333 ms  DeleteObjects: 0.882083 ms)

Prepare: number of updated asset objects reloaded= 0
========================================================================
Received Prepare
Begin MonoManager ReloadAssembly
[Licensing::Client] Successfully resolved entitlement details
Thread 0x16f873000 may have been prematurely finalized
- Loaded All Assemblies, in  0.327 seconds
Refreshing native plugins compatible for Editor in 0.20 ms, found 1 plugins.
Native extension for OSXStandalone target not found
[Package Manager] Failed to launch server process. Reason: Unity was launched with the -noUpm command-line argument
[Package Manager] Unable to send message (not connected to server process).
[Package Manager] Cannot connect to Unity Package Manager local server
ScheduleIndexationOnStartup MainProcess:False IndexOnStartup:True
Mono: successfully reloaded assembly
- Finished resetting the current domain, in  0.390 seconds
Domain Reload Profiling: 719ms
	BeginReloadAssembly (85ms)
		ExecutionOrderSort (0ms)
		DisableScriptedObjects (3ms)
		BackupInstance (0ms)
		ReleaseScriptingObjects (0ms)
		CreateAndSetChildDomain (20ms)
	RebuildCommonClasses (20ms)
	RebuildNativeTypeToScriptingClass (7ms)
	initialDomainReloadingComplete (11ms)
	LoadAllAssembliesAndSetupDomain (206ms)
		LoadAssemblies (142ms)
		RebuildTransferFunctionScriptingTraits (0ms)
		AnalyzeDomain (92ms)
			TypeCache.Refresh (4ms)
				TypeCache.ScanAssembly (0ms)
			BuildScriptInfoCaches (81ms)
			ResolveRequiredComponents (5ms)
	FinalizeReload (390ms)
		ReleaseScriptCaches (0ms)
		RebuildScriptCaches (0ms)
		SetupLoadedEditorAssemblies (312ms)
			LogAssemblyErrors (0ms)
			InitializePlatformSupportModulesInManaged (1ms)
			SetLoadedEditorAssemblies (3ms)
			BeforeProcessingInitializeOnLoad (82ms)
			ProcessInitializeOnLoadAttributes (195ms)
			ProcessInitializeOnLoadMethodAttributes (30ms)
			AfterProcessingInitializeOnLoad (1ms)
			EditorAssembliesLoaded (0ms)
		ExecutionOrderSort2 (0ms)
		AwakeInstancesAfterBackupRestoration (6ms)
WARNING: Shader Unsupported: 'Universal Render Pipeline/VR/SpatialMapping/Wireframe' - All subshaders removed
WARNING: Shader Did you use #pragma only_renderers and omit this platform?
WARNING: Shader If subshaders removal was intentional, you may have forgotten turning Fallback off?
WARNING: Shader Unsupported: 'Universal Render Pipeline/VR/SpatialMapping/Wireframe' - All subshaders removed
WARNING: Shader Did you use #pragma only_renderers and omit this platform?
WARNING: Shader If subshaders removal was intentional, you may have forgotten turning Fallback off?
Refreshing native plugins compatible for Editor in 0.28 ms, found 1 plugins.
Preloading 0 native plugins for Editor in 0.00 ms.
Unloading 17 Unused Serialized files (Serialized files now loaded: 0)
Unloading 6322 unused Assets / (3.7 MB). Loaded Objects now: 7238.
Memory consumption went from 161.4 MB to 157.7 MB.
Total: 5.028875 ms (FindLiveObjects: 0.305500 ms CreateObjectMapping: 0.126125 ms MarkObjects: 3.635750 ms  DeleteObjects: 0.961375 ms)

Prepare: number of updated asset objects reloaded= 0
========================================================================
Received Prepare
Begin MonoManager ReloadAssembly
Thread 0x16f873000 may have been prematurely finalized
- Loaded All Assemblies, in  0.328 seconds
Refreshing native plugins compatible for Editor in 0.18 ms, found 1 plugins.
Native extension for OSXStandalone target not found
[Package Manager] Failed to launch server process. Reason: Unity was launched with the -noUpm command-line argument
[Package Manager] Unable to send message (not connected to server process).
[Package Manager] Cannot connect to Unity Package Manager local server
ScheduleIndexationOnStartup MainProcess:False IndexOnStartup:True
Mono: successfully reloaded assembly
- Finished resetting the current domain, in  0.397 seconds
Domain Reload Profiling: 727ms
	BeginReloadAssembly (81ms)
		ExecutionOrderSort (0ms)
		DisableScriptedObjects (3ms)
		BackupInstance (0ms)
		ReleaseScriptingObjects (0ms)
		CreateAndSetChildDomain (20ms)
	RebuildCommonClasses (20ms)
	RebuildNativeTypeToScriptingClass (7ms)
	initialDomainReloadingComplete (11ms)
	LoadAllAssembliesAndSetupDomain (210ms)
		LoadAssemblies (145ms)
		RebuildTransferFunctionScriptingTraits (0ms)
		AnalyzeDomain (91ms)
			TypeCache.Refresh (5ms)
				TypeCache.ScanAssembly (0ms)
			BuildScriptInfoCaches (80ms)
			ResolveRequiredComponents (5ms)
	FinalizeReload (397ms)
		ReleaseScriptCaches (0ms)
		RebuildScriptCaches (0ms)
		SetupLoadedEditorAssemblies (318ms)
			LogAssemblyErrors (0ms)
			InitializePlatformSupportModulesInManaged (1ms)
			SetLoadedEditorAssemblies (3ms)
			BeforeProcessingInitializeOnLoad (85ms)
			ProcessInitializeOnLoadAttributes (193ms)
			ProcessInitializeOnLoadMethodAttributes (35ms)
			AfterProcessingInitializeOnLoad (1ms)
			EditorAssembliesLoaded (1ms)
		ExecutionOrderSort2 (0ms)
		AwakeInstancesAfterBackupRestoration (6ms)
WARNING: Shader Unsupported: 'Universal Render Pipeline/VR/SpatialMapping/Wireframe' - All subshaders removed
WARNING: Shader Did you use #pragma only_renderers and omit this platform?
WARNING: Shader If subshaders removal was intentional, you may have forgotten turning Fallback off?
WARNING: Shader Unsupported: 'Universal Render Pipeline/VR/SpatialMapping/Wireframe' - All subshaders removed
WARNING: Shader Did you use #pragma only_renderers and omit this platform?
WARNING: Shader If subshaders removal was intentional, you may have forgotten turning Fallback off?
Refreshing native plugins compatible for Editor in 0.32 ms, found 1 plugins.
Preloading 0 native plugins for Editor in 0.00 ms.
Unloading 17 Unused Serialized files (Serialized files now loaded: 0)
Unloading 6322 unused Assets / (3.6 MB). Loaded Objects now: 7241.
Memory consumption went from 161.5 MB to 157.9 MB.
Total: 5.908458 ms (FindLiveObjects: 0.324417 ms CreateObjectMapping: 0.106291 ms MarkObjects: 4.381042 ms  DeleteObjects: 1.096500 ms)

Prepare: number of updated asset objects reloaded= 0
========================================================================
Received Prepare
Begin MonoManager ReloadAssembly
[Licensing::Client] Successfully resolved entitlement details
Thread 0x16f873000 may have been prematurely finalized
- Loaded All Assemblies, in  0.385 seconds
Refreshing native plugins compatible for Editor in 0.18 ms, found 1 plugins.
Native extension for OSXStandalone target not found
[Package Manager] Failed to launch server process. Reason: Unity was launched with the -noUpm command-line argument
[Package Manager] Unable to send message (not connected to server process).
[Package Manager] Cannot connect to Unity Package Manager local server
ScheduleIndexationOnStartup MainProcess:False IndexOnStartup:True
Mono: successfully reloaded assembly
- Finished resetting the current domain, in  0.376 seconds
Domain Reload Profiling: 763ms
	BeginReloadAssembly (129ms)
		ExecutionOrderSort (0ms)
		DisableScriptedObjects (5ms)
		BackupInstance (0ms)
		ReleaseScriptingObjects (0ms)
		CreateAndSetChildDomain (44ms)
	RebuildCommonClasses (20ms)
	RebuildNativeTypeToScriptingClass (7ms)
	initialDomainReloadingComplete (11ms)
	LoadAllAssembliesAndSetupDomain (219ms)
		LoadAssemblies (164ms)
		RebuildTransferFunctionScriptingTraits (0ms)
		AnalyzeDomain (95ms)
			TypeCache.Refresh (6ms)
				TypeCache.ScanAssembly (0ms)
			BuildScriptInfoCaches (82ms)
			ResolveRequiredComponents (5ms)
	FinalizeReload (376ms)
		ReleaseScriptCaches (0ms)
		RebuildScriptCaches (0ms)
		SetupLoadedEditorAssemblies (298ms)
			LogAssemblyErrors (0ms)
			InitializePlatformSupportModulesInManaged (1ms)
			SetLoadedEditorAssemblies (3ms)
			BeforeProcessingInitializeOnLoad (80ms)
			ProcessInitializeOnLoadAttributes (181ms)
			ProcessInitializeOnLoadMethodAttributes (32ms)
			AfterProcessingInitializeOnLoad (1ms)
			EditorAssembliesLoaded (0ms)
		ExecutionOrderSort2 (0ms)
		AwakeInstancesAfterBackupRestoration (6ms)
WARNING: Shader Unsupported: 'Universal Render Pipeline/VR/SpatialMapping/Wireframe' - All subshaders removed
WARNING: Shader Did you use #pragma only_renderers and omit this platform?
WARNING: Shader If subshaders removal was intentional, you may have forgotten turning Fallback off?
WARNING: Shader Unsupported: 'Universal Render Pipeline/VR/SpatialMapping/Wireframe' - All subshaders removed
WARNING: Shader Did you use #pragma only_renderers and omit this platform?
WARNING: Shader If subshaders removal was intentional, you may have forgotten turning Fallback off?
Refreshing native plugins compatible for Editor in 0.27 ms, found 1 plugins.
Preloading 0 native plugins for Editor in 0.00 ms.
Unloading 17 Unused Serialized files (Serialized files now loaded: 0)
Unloading 6322 unused Assets / (3.7 MB). Loaded Objects now: 7244.
Memory consumption went from 161.6 MB to 157.8 MB.
Total: 4.883792 ms (FindLiveObjects: 0.265917 ms CreateObjectMapping: 0.105833 ms MarkObjects: 3.654500 ms  DeleteObjects: 0.857292 ms)

Prepare: number of updated asset objects reloaded= 0
========================================================================
Received Import Request.
  Time since last request: 2933.939087 seconds.
  path: Assets/3D/Jurassic Park Stegosaurus for your Games_Movies
  artifactKey: Guid(c2ea489cd254d434aa7a329bf2bee8ea) Importer(815301076,1909f56bfc062723c751e8b465ee728b)
Start importing Assets/3D/Jurassic Park Stegosaurus for your Games_Movies using Guid(c2ea489cd254d434aa7a329bf2bee8ea) Importer(815301076,1909f56bfc062723c751e8b465ee728b) (PreviewImporter) -> (artifact id: 'fa481f96b18e2a93452cb94db7452de1') in 0.001570458 seconds
Number of updated asset objects reloaded before import = 0Number of asset objects unloaded after import = 0

========================================================================
Received Import Request.
  Time since last request: 0.471768 seconds.
  path: Assets/3D/Jurassic Park Stegosaurus for your Games_Movies/model_0.obj
  artifactKey: Guid(d02238478e8664bb3a6c421662147ab0) Importer(815301076,1909f56bfc062723c751e8b465ee728b)
Start importing Assets/3D/Jurassic Park Stegosaurus for your Games_Movies/model_0.obj using Guid(d02238478e8664bb3a6c421662147ab0) Importer(815301076,1909f56bfc062723c751e8b465ee728b) (PreviewImporter) -> (artifact id: '1bd8b599ef1fea0115e82e2060319a5b') in 0.24987425 seconds
Number of updated asset objects reloaded before import = 0Number of asset objects unloaded after import = 10

========================================================================
Received Import Request.
  Time since last request: 0.364242 seconds.
  path: Assets/3D/Jurassic Park Stegosaurus for your Games_Movies/model_2.obj
  artifactKey: Guid(4b3cf7802ca8b416ebca82f0ceedb4ef) Importer(815301076,1909f56bfc062723c751e8b465ee728b)
Start importing Assets/3D/Jurassic Park Stegosaurus for your Games_Movies/model_2.obj using Guid(4b3cf7802ca8b416ebca82f0ceedb4ef) Importer(815301076,1909f56bfc062723c751e8b465ee728b) (PreviewImporter) -> (artifact id: 'cd985ad494e3f97c7c930c6691e331d3') in 0.014210542 seconds
Number of updated asset objects reloaded before import = 0Number of asset objects unloaded after import = 10

========================================================================
Received Import Request.
  Time since last request: 0.193149 seconds.
  path: Assets/3D/Jurassic Park Stegosaurus for your Games_Movies/model_3.obj
  artifactKey: Guid(5aed86faf9b194c6bb4072f5b82b419e) Importer(815301076,1909f56bfc062723c751e8b465ee728b)
Start importing Assets/3D/Jurassic Park Stegosaurus for your Games_Movies/model_3.obj using Guid(5aed86faf9b194c6bb4072f5b82b419e) Importer(815301076,1909f56bfc062723c751e8b465ee728b) (PreviewImporter) -> (artifact id: 'e38d32ccb43ecff171a1cd5cd69e26b7') in 0.012253334 seconds
Number of updated asset objects reloaded before import = 0Number of asset objects unloaded after import = 10

========================================================================
Received Import Request.
  Time since last request: 1.967287 seconds.
  path: Assets/3D/Jurassic Park Stegosaurus for your Games_Movies/Stego_LP_Cuerpo_BaseColor.png
  artifactKey: Guid(ac2adfeffaef74d679a15c686eac141e) Importer(815301076,1909f56bfc062723c751e8b465ee728b)
Start importing Assets/3D/Jurassic Park Stegosaurus for your Games_Movies/Stego_LP_Cuerpo_BaseColor.png using Guid(ac2adfeffaef74d679a15c686eac141e) Importer(815301076,1909f56bfc062723c751e8b465ee728b) (PreviewImporter) -> (artifact id: '241ea99f7e87ebfabfe2ba60c4b5f9b3') in 0.014704416 seconds
Number of updated asset objects reloaded before import = 0Number of asset objects unloaded after import = 2

========================================================================
Received Import Request.
  Time since last request: 12.908779 seconds.
  path: Assets/3D/Jurassic Park Stegosaurus for your Games_Movies/model_3.obj
  artifactKey: Guid(5aed86faf9b194c6bb4072f5b82b419e) Importer(815301076,1909f56bfc062723c751e8b465ee728b)
Start importing Assets/3D/Jurassic Park Stegosaurus for your Games_Movies/model_3.obj using Guid(5aed86faf9b194c6bb4072f5b82b419e) Importer(815301076,1909f56bfc062723c751e8b465ee728b) (PreviewImporter) -> (artifact id: '17830dc8730313fe95d339150f4ad1a6') in 0.019093417 seconds
Number of updated asset objects reloaded before import = 0Number of asset objects unloaded after import = 10

========================================================================
Received Import Request.
  Time since last request: 0.000032 seconds.
  path: Assets/3D/Jurassic Park Stegosaurus for your Games_Movies/model_3.obj
  artifactKey: Guid(5aed86faf9b194c6bb4072f5b82b419e) Importer(815301076,1909f56bfc062723c751e8b465ee728b)
Start importing Assets/3D/Jurassic Park Stegosaurus for your Games_Movies/model_3.obj using Guid(5aed86faf9b194c6bb4072f5b82b419e) Importer(815301076,1909f56bfc062723c751e8b465ee728b) (PreviewImporter) -> (artifact id: '7e260de97d1cd1fbcfd1fef8a27b0e7e') in 0.010195917 seconds
Number of updated asset objects reloaded before import = 0Number of asset objects unloaded after import = 10

========================================================================
Received Prepare
Begin MonoManager ReloadAssembly
[Licensing::Client] Successfully resolved entitlement details
Thread 0x16fdbf000 may have been prematurely finalized
- Loaded All Assemblies, in  0.363 seconds
Refreshing native plugins compatible for Editor in 0.22 ms, found 1 plugins.
Native extension for OSXStandalone target not found
[Package Manager] Failed to launch server process. Reason: Unity was launched with the -noUpm command-line argument
[Package Manager] Unable to send message (not connected to server process).
[Package Manager] Cannot connect to Unity Package Manager local server
ScheduleIndexationOnStartup MainProcess:False IndexOnStartup:True
Mono: successfully reloaded assembly
- Finished resetting the current domain, in  0.389 seconds
Domain Reload Profiling: 755ms
	BeginReloadAssembly (107ms)
		ExecutionOrderSort (0ms)
		DisableScriptedObjects (12ms)
		BackupInstance (0ms)
		ReleaseScriptingObjects (0ms)
		CreateAndSetChildDomain (28ms)
	RebuildCommonClasses (20ms)
	RebuildNativeTypeToScriptingClass (7ms)
	initialDomainReloadingComplete (12ms)
	LoadAllAssembliesAndSetupDomain (219ms)
		LoadAssemblies (154ms)
		RebuildTransferFunctionScriptingTraits (0ms)
		AnalyzeDomain (96ms)
			TypeCache.Refresh (8ms)
				TypeCache.ScanAssembly (0ms)
			BuildScriptInfoCaches (81ms)
			ResolveRequiredComponents (5ms)
	FinalizeReload (389ms)
		ReleaseScriptCaches (0ms)
		RebuildScriptCaches (0ms)
		SetupLoadedEditorAssemblies (310ms)
			LogAssemblyErrors (0ms)
			InitializePlatformSupportModulesInManaged (1ms)
			SetLoadedEditorAssemblies (3ms)
			BeforeProcessingInitializeOnLoad (85ms)
			ProcessInitializeOnLoadAttributes (188ms)
			ProcessInitializeOnLoadMethodAttributes (33ms)
			AfterProcessingInitializeOnLoad (1ms)
			EditorAssembliesLoaded (0ms)
		ExecutionOrderSort2 (0ms)
		AwakeInstancesAfterBackupRestoration (7ms)
WARNING: Shader Unsupported: 'Universal Render Pipeline/VR/SpatialMapping/Wireframe' - All subshaders removed
WARNING: Shader Did you use #pragma only_renderers and omit this platform?
WARNING: Shader If subshaders removal was intentional, you may have forgotten turning Fallback off?
WARNING: Shader Unsupported: 'Universal Render Pipeline/VR/SpatialMapping/Wireframe' - All subshaders removed
WARNING: Shader Did you use #pragma only_renderers and omit this platform?
WARNING: Shader If subshaders removal was intentional, you may have forgotten turning Fallback off?
Refreshing native plugins compatible for Editor in 0.28 ms, found 1 plugins.
Preloading 0 native plugins for Editor in 0.00 ms.
Unloading 17 Unused Serialized files (Serialized files now loaded: 0)
Unloading 6323 unused Assets / (3.7 MB). Loaded Objects now: 7267.
Memory consumption went from 161.9 MB to 158.1 MB.
Total: 5.400791 ms (FindLiveObjects: 0.276292 ms CreateObjectMapping: 0.109334 ms MarkObjects: 3.937250 ms  DeleteObjects: 1.077708 ms)

Prepare: number of updated asset objects reloaded= 0
========================================================================
Received Prepare
Begin MonoManager ReloadAssembly
[Licensing::Client] Successfully resolved entitlement details
Thread 0x16fbbb000 may have been prematurely finalized
- Loaded All Assemblies, in  0.355 seconds
Refreshing native plugins compatible for Editor in 0.15 ms, found 1 plugins.
Native extension for OSXStandalone target not found
[Package Manager] Failed to launch server process. Reason: Unity was launched with the -noUpm command-line argument
[Package Manager] Unable to send message (not connected to server process).
[Package Manager] Cannot connect to Unity Package Manager local server
ScheduleIndexationOnStartup MainProcess:False IndexOnStartup:True
Mono: successfully reloaded assembly
- Finished resetting the current domain, in  0.389 seconds
Domain Reload Profiling: 745ms
	BeginReloadAssembly (97ms)
		ExecutionOrderSort (0ms)
		DisableScriptedObjects (4ms)
		BackupInstance (0ms)
		ReleaseScriptingObjects (0ms)
		CreateAndSetChildDomain (26ms)
	RebuildCommonClasses (19ms)
	RebuildNativeTypeToScriptingClass (7ms)
	initialDomainReloadingComplete (12ms)
	LoadAllAssembliesAndSetupDomain (221ms)
		LoadAssemblies (160ms)
		RebuildTransferFunctionScriptingTraits (0ms)
		AnalyzeDomain (93ms)
			TypeCache.Refresh (6ms)
				TypeCache.ScanAssembly (0ms)
			BuildScriptInfoCaches (79ms)
			ResolveRequiredComponents (5ms)
	FinalizeReload (389ms)
		ReleaseScriptCaches (0ms)
		RebuildScriptCaches (0ms)
		SetupLoadedEditorAssemblies (309ms)
			LogAssemblyErrors (0ms)
			InitializePlatformSupportModulesInManaged (1ms)
			SetLoadedEditorAssemblies (2ms)
			BeforeProcessingInitializeOnLoad (83ms)
			ProcessInitializeOnLoadAttributes (189ms)
			ProcessInitializeOnLoadMethodAttributes (33ms)
			AfterProcessingInitializeOnLoad (1ms)
			EditorAssembliesLoaded (0ms)
		ExecutionOrderSort2 (0ms)
		AwakeInstancesAfterBackupRestoration (6ms)
WARNING: Shader Unsupported: 'Universal Render Pipeline/VR/SpatialMapping/Wireframe' - All subshaders removed
WARNING: Shader Did you use #pragma only_renderers and omit this platform?
WARNING: Shader If subshaders removal was intentional, you may have forgotten turning Fallback off?
WARNING: Shader Unsupported: 'Universal Render Pipeline/VR/SpatialMapping/Wireframe' - All subshaders removed
WARNING: Shader Did you use #pragma only_renderers and omit this platform?
WARNING: Shader If subshaders removal was intentional, you may have forgotten turning Fallback off?
Refreshing native plugins compatible for Editor in 0.43 ms, found 1 plugins.
Preloading 0 native plugins for Editor in 0.00 ms.
Unloading 17 Unused Serialized files (Serialized files now loaded: 0)
Unloading 6322 unused Assets / (3.6 MB). Loaded Objects now: 7270.
Memory consumption went from 161.5 MB to 157.9 MB.
Total: 5.293042 ms (FindLiveObjects: 0.291125 ms CreateObjectMapping: 0.101417 ms MarkObjects: 3.958708 ms  DeleteObjects: 0.941667 ms)

Prepare: number of updated asset objects reloaded= 0
